<?xml version="1.0" encoding="UTF-8"?>
<coverage generated="1639810858813" clover="3.2.0">
  <project timestamp="1639810858813" name="All files">
    <metrics statements="15" coveredstatements="6" conditionals="0" coveredconditionals="0" methods="6" coveredmethods="1" elements="21" coveredelements="7" complexity="0" loc="15" ncloc="15" packages="2" files="2" classes="2"/>
    <package name="helpers">
      <metrics statements="1" coveredstatements="1" conditionals="0" coveredconditionals="0" methods="0" coveredmethods="0"/>
      <file name="request.ts" path="/Users/waynegong/project/microsoft-todo-browser-ext/src/helpers/request.ts">
        <metrics statements="1" coveredstatements="1" conditionals="0" coveredconditionals="0" methods="0" coveredmethods="0"/>
        <line num="4" count="1" type="stmt"/>
      </file>
    </package>
    <package name="redux">
      <metrics statements="14" coveredstatements="5" conditionals="0" coveredconditionals="0" methods="6" coveredmethods="1"/>
      <file name="task.ts" path="/Users/waynegong/project/microsoft-todo-browser-ext/src/redux/task.ts">
        <metrics statements="14" coveredstatements="5" conditionals="0" coveredconditionals="0" methods="6" coveredmethods="1"/>
        <line num="10" count="1" type="stmt"/>
        <line num="13" count="0" type="stmt"/>
        <line num="14" count="0" type="stmt"/>
        <line num="17" count="0" type="stmt"/>
        <line num="19" count="0" type="stmt"/>
        <line num="28" count="1" type="stmt"/>
        <line num="32" count="0" type="stmt"/>
        <line num="33" count="0" type="stmt"/>
        <line num="36" count="0" type="stmt"/>
        <line num="40" count="0" type="stmt"/>
        <line num="43" count="1" type="stmt"/>
        <line num="54" count="1" type="stmt"/>
        <line num="55" count="0" type="stmt"/>
        <line num="60" count="1" type="stmt"/>
      </file>
    </package>
  </project>
</coverage>
