{"/Users/waynegong/project/microsoft-todo-browser-ext/src/helpers/request.ts": {"path":"/Users/waynegong/project/microsoft-todo-browser-ext/src/helpers/request.ts","statementMap":{"0":{"start":{"line":4,"column":17},"end":{"line":7,"column":2}}},"fnMap":{},"branchMap":{},"s":{"0":1},"f":{},"b":{},"_coverageSchema":"1a1c01bbd47fc00a2c39e90264f33305004495a9","hash":"55cbee6ffb894b1d9052b7f93cd15c5e49aabc05"}
,"/Users/waynegong/project/microsoft-todo-browser-ext/src/redux/task.ts": {"path":"/Users/waynegong/project/microsoft-todo-browser-ext/src/redux/task.ts","statementMap":{"0":{"start":{"line":10,"column":27},"end":{"line":21,"column":1}},"1":{"start":{"line":13,"column":18},"end":{"line":13,"column":37}},"2":{"start":{"line":14,"column":20},"end":{"line":16,"column":5}},"3":{"start":{"line":17,"column":4},"end":{"line":19,"column":31}},"4":{"start":{"line":19,"column":21},"end":{"line":19,"column":29}},"5":{"start":{"line":28,"column":26},"end":{"line":41,"column":2}},"6":{"start":{"line":32,"column":16},"end":{"line":32,"column":35}},"7":{"start":{"line":33,"column":18},"end":{"line":35,"column":3}},"8":{"start":{"line":36,"column":2},"end":{"line":40,"column":29}},"9":{"start":{"line":40,"column":19},"end":{"line":40,"column":27}},"10":{"start":{"line":43,"column":25},"end":{"line":58,"column":2}},"11":{"start":{"line":54,"column":4},"end":{"line":56,"column":7}},"12":{"start":{"line":55,"column":6},"end":{"line":55,"column":45}},"13":{"start":{"line":60,"column":26},"end":{"line":63,"column":1}}},"fnMap":{"0":{"name":"(anonymous_0)","decl":{"start":{"line":12,"column":2},"end":{"line":12,"column":3}},"loc":{"start":{"line":12,"column":23},"end":{"line":20,"column":3}},"line":12},"1":{"name":"(anonymous_1)","decl":{"start":{"line":19,"column":12},"end":{"line":19,"column":13}},"loc":{"start":{"line":19,"column":21},"end":{"line":19,"column":29}},"line":19},"2":{"name":"(anonymous_2)","decl":{"start":{"line":31,"column":21},"end":{"line":31,"column":22}},"loc":{"start":{"line":31,"column":47},"end":{"line":41,"column":1}},"line":31},"3":{"name":"(anonymous_3)","decl":{"start":{"line":40,"column":10},"end":{"line":40,"column":11}},"loc":{"start":{"line":40,"column":19},"end":{"line":40,"column":27}},"line":40},"4":{"name":"(anonymous_4)","decl":{"start":{"line":53,"column":17},"end":{"line":53,"column":18}},"loc":{"start":{"line":53,"column":30},"end":{"line":57,"column":3}},"line":53},"5":{"name":"(anonymous_5)","decl":{"start":{"line":54,"column":43},"end":{"line":54,"column":44}},"loc":{"start":{"line":54,"column":62},"end":{"line":56,"column":5}},"line":54}},"branchMap":{},"s":{"0":1,"1":0,"2":0,"3":0,"4":0,"5":1,"6":0,"7":0,"8":0,"9":0,"10":1,"11":1,"12":0,"13":1},"f":{"0":0,"1":0,"2":0,"3":0,"4":1,"5":0},"b":{},"_coverageSchema":"1a1c01bbd47fc00a2c39e90264f33305004495a9","hash":"d2e451b8a7b303838724adf2ec96c089e19069d4"}
}
