TN:
SF:src/helpers/request.ts
FNF:0
FNH:0
DA:4,1
LF:1
LH:1
BRF:0
BRH:0
end_of_record
TN:
SF:src/redux/task.ts
FN:12,(anonymous_0)
FN:19,(anonymous_1)
FN:31,(anonymous_2)
FN:40,(anonymous_3)
FN:53,(anonymous_4)
FN:54,(anonymous_5)
FNF:6
FNH:1
FNDA:0,(anonymous_0)
FNDA:0,(anonymous_1)
FNDA:0,(anonymous_2)
FNDA:0,(anonymous_3)
FNDA:1,(anonymous_4)
FNDA:0,(anonymous_5)
DA:10,1
DA:13,0
DA:14,0
DA:17,0
DA:19,0
DA:28,1
DA:32,0
DA:33,0
DA:36,0
DA:40,0
DA:43,1
DA:54,1
DA:55,0
DA:60,1
LF:14
LH:5
BRF:0
BRH:0
end_of_record
